       SAM  NAD  NADP  ...  embedding_1021  embedding_1022  embedding_1023
0        0    1     0  ...       -0.055284        0.009372        0.055280
1        0    0     0  ...       -0.021056       -0.021371        0.020190
2        0    0     0  ...       -0.119669       -0.018919       -0.105562
3        0    0     0  ...       -0.074076       -0.013962       -0.023728
4        0    0     0  ...       -0.029744       -0.026830        0.097381
...    ...  ...   ...  ...             ...             ...             ...
73302    0    0     0  ...       -0.026978        0.054504       -0.019212
73303    0    1     1  ...       -0.013869        0.038693        0.023896
73304    1    0     0  ...       -0.026250       -0.007482        0.036481
73305    1    0     0  ...       -0.009571       -0.076094        0.038500
73306    0    0     0  ...       -0.112519        0.038674       -0.032244

[73307 rows x 1037 columns]
       NAD  NADP  FAD  SAM  CoA  THF  FMN  Menaquinone  GSH  Ubiquinone  \
1        0     0    0    0    0    0    0            0    0           0   
2        0     0    0    0    0    0    0            0    0           0   
3        0     0    0    0    0    0    0            1    0           0   
5        0     0    0    0    0    0    0            0    0           0   
8        1     1    0    0    0    1    0            0    0           0   
...    ...   ...  ...  ...  ...  ...  ...          ...  ...         ...   
73290    0     0    1    0    0    0    0            0    0           0   
73293    0     0    0    0    1    0    0            0    0           0   
73297    0     0    0    1    0    0    0            0    0           0   
73300    0     1    0    0    0    0    0            0    0           0   
73302    0     0    0    0    0    0    0            0    0           0   

       Plastoquinone  Ferredoxin  Ferricytochrome  
1                  0           0                0  
2                  0           0                0  
3                  0           0                0  
5                  0           0                0  
8                  0           0                0  
...              ...         ...              ...  
73290              0           0                0  
73293              0           0                0  
73297              0           0                0  
73300              0           0                0  
73302              0           0                0  

[21993 rows x 13 columns]
Fitting 3 folds for each of 64 candidates, totalling 192 fits
[CV] END estimator__colsample_bytree=0.6, estimator__gamma=2, estimator__learning_rate=0.1, estimator__max_depth=3, estimator__n_estimators=100, estimator__random_state=42, estimator__subsample=1.0; total time=26.7min
[CV] END estimator__colsample_bytree=1.0, estimator__gamma=0.5, estimator__learning_rate=0.01, estimator__max_depth=3, estimator__n_estimators=100, estimator__random_state=42, estimator__subsample=1.0; total time=25.2min
/home/jgoncalves/miniforge3/envs/protein/lib/python3.11/site-packages/joblib/externals/loky/process_executor.py:752: UserWarning: A worker stopped while some jobs were given to the executor. This can be caused by a too short worker timeout or by a memory leak.
  warnings.warn(
[CV] END estimator__colsample_bytree=0.6, estimator__gamma=2, estimator__learning_rate=0.1, estimator__max_depth=3, estimator__n_estimators=100, estimator__random_state=42, estimator__subsample=1.0; total time=26.5min
[CV] END estimator__colsample_bytree=1.0, estimator__gamma=0.5, estimator__learning_rate=0.01, estimator__max_depth=3, estimator__n_estimators=100, estimator__random_state=42, estimator__subsample=0.6; total time=25.5min
[CV] END estimator__colsample_bytree=0.6, estimator__gamma=0.5, estimator__learning_rate=0.1, estimator__max_depth=3, estimator__n_estimators=100, estimator__random_state=42, estimator__subsample=0.6; total time=26.5min
[CV] END estimator__colsample_bytree=1.0, estimator__gamma=0.5, estimator__learning_rate=0.01, estimator__max_depth=3, estimator__n_estimators=100, estimator__random_state=42, estimator__subsample=0.6; total time=26.4min
[CV] END estimator__colsample_bytree=0.6, estimator__gamma=2, estimator__learning_rate=0.1, estimator__max_depth=3, estimator__n_estimators=100, estimator__random_state=42, estimator__subsample=1.0; total time=27.4min
[CV] END estimator__colsample_bytree=1.0, estimator__gamma=0.5, estimator__learning_rate=0.01, estimator__max_depth=3, estimator__n_estimators=100, estimator__random_state=42, estimator__subsample=1.0; total time=32.2min
[CV] END estimator__colsample_bytree=0.6, estimator__gamma=2, estimator__learning_rate=0.1, estimator__max_depth=3, estimator__n_estimators=100, estimator__random_state=42, estimator__subsample=0.6; total time=27.5min
[CV] END estimator__colsample_bytree=1.0, estimator__gamma=0.5, estimator__learning_rate=0.01, estimator__max_depth=3, estimator__n_estimators=100, estimator__random_state=42, estimator__subsample=1.0; total time=33.2min
[CV] END estimator__colsample_bytree=0.6, estimator__gamma=2, estimator__learning_rate=0.01, estimator__max_depth=3, estimator__n_estimators=100, estimator__random_state=42, estimator__subsample=1.0; total time=23.1min
[CV] END estimator__colsample_bytree=0.6, estimator__gamma=2, estimator__learning_rate=0.1, estimator__max_depth=9, estimator__n_estimators=100, estimator__random_state=42, estimator__subsample=0.6; total time=40.9min
[CV] END estimator__colsample_bytree=0.6, estimator__gamma=0.5, estimator__learning_rate=0.01, estimator__max_depth=3, estimator__n_estimators=100, estimator__random_state=42, estimator__subsample=0.6; total time=23.1min
[CV] END estimator__colsample_bytree=0.6, estimator__gamma=2, estimator__learning_rate=0.1, estimator__max_depth=9, estimator__n_estimators=100, estimator__random_state=42, estimator__subsample=1.0; total time=41.0min
[CV] END estimator__colsample_bytree=0.6, estimator__gamma=0.5, estimator__learning_rate=0.01, estimator__max_depth=3, estimator__n_estimators=100, estimator__random_state=42, estimator__subsample=1.0; total time=23.4min
[CV] END estimator__colsample_bytree=0.6, estimator__gamma=2, estimator__learning_rate=0.1, estimator__max_depth=9, estimator__n_estimators=100, estimator__random_state=42, estimator__subsample=1.0; total time=40.7min
[CV] END estimator__colsample_bytree=0.6, estimator__gamma=2, estimator__learning_rate=0.01, estimator__max_depth=3, estimator__n_estimators=100, estimator__random_state=42, estimator__subsample=0.6; total time=23.0min
[CV] END estimator__colsample_bytree=0.6, estimator__gamma=2, estimator__learning_rate=0.1, estimator__max_depth=9, estimator__n_estimators=100, estimator__random_state=42, estimator__subsample=0.6; total time=53.2min
[CV] END estimator__colsample_bytree=0.6, estimator__gamma=0.5, estimator__learning_rate=0.01, estimator__max_depth=3, estimator__n_estimators=100, estimator__random_state=42, estimator__subsample=0.6; total time=23.1min
[CV] END estimator__colsample_bytree=0.6, estimator__gamma=2, estimator__learning_rate=0.1, estimator__max_depth=9, estimator__n_estimators=100, estimator__random_state=42, estimator__subsample=1.0; total time=53.6min
[CV] END estimator__colsample_bytree=0.6, estimator__gamma=2, estimator__learning_rate=0.01, estimator__max_depth=3, estimator__n_estimators=100, estimator__random_state=42, estimator__subsample=1.0; total time=23.1min
[CV] END estimator__colsample_bytree=0.6, estimator__gamma=2, estimator__learning_rate=0.1, estimator__max_depth=9, estimator__n_estimators=100, estimator__random_state=42, estimator__subsample=0.6; total time=54.2min
[CV] END estimator__colsample_bytree=0.6, estimator__gamma=0.5, estimator__learning_rate=0.01, estimator__max_depth=3, estimator__n_estimators=100, estimator__random_state=42, estimator__subsample=1.0; total time=23.0min
[CV] END estimator__colsample_bytree=0.6, estimator__gamma=2, estimator__learning_rate=0.1, estimator__max_depth=3, estimator__n_estimators=500, estimator__random_state=42, estimator__subsample=1.0; total time=81.6min
[CV] END estimator__colsample_bytree=0.6, estimator__gamma=2, estimator__learning_rate=0.01, estimator__max_depth=3, estimator__n_estimators=100, estimator__random_state=42, estimator__subsample=0.6; total time=22.8min
[CV] END estimator__colsample_bytree=0.6, estimator__gamma=2, estimator__learning_rate=0.1, estimator__max_depth=3, estimator__n_estimators=500, estimator__random_state=42, estimator__subsample=1.0; total time=82.6min
[CV] END estimator__colsample_bytree=0.6, estimator__gamma=2, estimator__learning_rate=0.01, estimator__max_depth=3, estimator__n_estimators=100, estimator__random_state=42, estimator__subsample=0.6; total time=22.5min
[CV] END estimator__colsample_bytree=0.6, estimator__gamma=2, estimator__learning_rate=0.1, estimator__max_depth=3, estimator__n_estimators=500, estimator__random_state=42, estimator__subsample=1.0; total time=82.9min
[CV] END estimator__colsample_bytree=0.6, estimator__gamma=2, estimator__learning_rate=0.01, estimator__max_depth=9, estimator__n_estimators=100, estimator__random_state=42, estimator__subsample=1.0; total time=50.2min
[CV] END estimator__colsample_bytree=1.0, estimator__gamma=0.5, estimator__learning_rate=0.01, estimator__max_depth=9, estimator__n_estimators=100, estimator__random_state=42, estimator__subsample=0.6; total time=56.4min
[CV] END estimator__colsample_bytree=0.6, estimator__gamma=2, estimator__learning_rate=0.01, estimator__max_depth=9, estimator__n_estimators=100, estimator__random_state=42, estimator__subsample=1.0; total time=50.0min
[CV] END estimator__colsample_bytree=1.0, estimator__gamma=0.5, estimator__learning_rate=0.01, estimator__max_depth=9, estimator__n_estimators=100, estimator__random_state=42, estimator__subsample=0.6; total time=56.8min
[CV] END estimator__colsample_bytree=0.6, estimator__gamma=2, estimator__learning_rate=0.1, estimator__max_depth=3, estimator__n_estimators=100, estimator__random_state=42, estimator__subsample=0.6; total time=26.3min
[CV] END estimator__colsample_bytree=0.6, estimator__gamma=2, estimator__learning_rate=0.1, estimator__max_depth=9, estimator__n_estimators=500, estimator__random_state=42, estimator__subsample=1.0; total time=85.7min
[CV] END estimator__colsample_bytree=0.6, estimator__gamma=2, estimator__learning_rate=0.1, estimator__max_depth=3, estimator__n_estimators=100, estimator__random_state=42, estimator__subsample=0.6; total time=26.3min
[CV] END estimator__colsample_bytree=0.6, estimator__gamma=2, estimator__learning_rate=0.1, estimator__max_depth=9, estimator__n_estimators=500, estimator__random_state=42, estimator__subsample=1.0; total time=86.8min
[CV] END estimator__colsample_bytree=0.6, estimator__gamma=0.5, estimator__learning_rate=0.1, estimator__max_depth=3, estimator__n_estimators=100, estimator__random_state=42, estimator__subsample=1.0; total time=26.4min
[CV] END estimator__colsample_bytree=0.6, estimator__gamma=2, estimator__learning_rate=0.1, estimator__max_depth=9, estimator__n_estimators=500, estimator__random_state=42, estimator__subsample=1.0; total time=87.0min
[CV] END estimator__colsample_bytree=0.6, estimator__gamma=2, estimator__learning_rate=0.01, estimator__max_depth=3, estimator__n_estimators=100, estimator__random_state=42, estimator__subsample=1.0; total time=23.8min
[CV] END estimator__colsample_bytree=0.6, estimator__gamma=2, estimator__learning_rate=0.1, estimator__max_depth=9, estimator__n_estimators=500, estimator__random_state=42, estimator__subsample=0.6; total time=91.1min
[CV] END estimator__colsample_bytree=0.6, estimator__gamma=0.5, estimator__learning_rate=0.01, estimator__max_depth=3, estimator__n_estimators=500, estimator__random_state=42, estimator__subsample=0.6; total time=102.4min
[CV] END estimator__colsample_bytree=1.0, estimator__gamma=2, estimator__learning_rate=0.01, estimator__max_depth=3, estimator__n_estimators=100, estimator__random_state=42, estimator__subsample=0.6; total time=23.3min
[CV] END estimator__colsample_bytree=0.6, estimator__gamma=2, estimator__learning_rate=0.01, estimator__max_depth=3, estimator__n_estimators=500, estimator__random_state=42, estimator__subsample=0.6; total time=102.8min
[CV] END estimator__colsample_bytree=1.0, estimator__gamma=2, estimator__learning_rate=0.01, estimator__max_depth=3, estimator__n_estimators=100, estimator__random_state=42, estimator__subsample=1.0; total time=23.9min
[CV] END estimator__colsample_bytree=0.6, estimator__gamma=0.5, estimator__learning_rate=0.1, estimator__max_depth=9, estimator__n_estimators=100, estimator__random_state=42, estimator__subsample=0.6; total time=50.3min
[CV] END estimator__colsample_bytree=1.0, estimator__gamma=0.5, estimator__learning_rate=0.01, estimator__max_depth=9, estimator__n_estimators=100, estimator__random_state=42, estimator__subsample=0.6; total time=77.6min
[CV] END estimator__colsample_bytree=0.6, estimator__gamma=2, estimator__learning_rate=0.01, estimator__max_depth=9, estimator__n_estimators=100, estimator__random_state=42, estimator__subsample=0.6; total time=51.8min
[CV] END estimator__colsample_bytree=1.0, estimator__gamma=0.5, estimator__learning_rate=0.01, estimator__max_depth=9, estimator__n_estimators=100, estimator__random_state=42, estimator__subsample=1.0; total time=80.2min
[CV] END estimator__colsample_bytree=0.6, estimator__gamma=2, estimator__learning_rate=0.1, estimator__max_depth=3, estimator__n_estimators=500, estimator__random_state=42, estimator__subsample=0.6; total time=87.7min
[CV] END estimator__colsample_bytree=1.0, estimator__gamma=0.5, estimator__learning_rate=0.1, estimator__max_depth=9, estimator__n_estimators=100, estimator__random_state=42, estimator__subsample=0.6; total time=49.0min
[CV] END estimator__colsample_bytree=0.6, estimator__gamma=2, estimator__learning_rate=0.01, estimator__max_depth=9, estimator__n_estimators=100, estimator__random_state=42, estimator__subsample=0.6; total time=50.8min
[CV] END estimator__colsample_bytree=1.0, estimator__gamma=0.5, estimator__learning_rate=0.01, estimator__max_depth=9, estimator__n_estimators=100, estimator__random_state=42, estimator__subsample=1.0; total time=89.1min
[CV] END estimator__colsample_bytree=0.6, estimator__gamma=0.5, estimator__learning_rate=0.1, estimator__max_depth=3, estimator__n_estimators=500, estimator__random_state=42, estimator__subsample=1.0; total time=88.6min
[CV] END estimator__colsample_bytree=1.0, estimator__gamma=0.5, estimator__learning_rate=0.1, estimator__max_depth=9, estimator__n_estimators=100, estimator__random_state=42, estimator__subsample=1.0; total time=51.9min
[CV] END estimator__colsample_bytree=0.6, estimator__gamma=0.5, estimator__learning_rate=0.01, estimator__max_depth=9, estimator__n_estimators=100, estimator__random_state=42, estimator__subsample=1.0; total time=60.4min
[CV] END estimator__colsample_bytree=1.0, estimator__gamma=0.5, estimator__learning_rate=0.1, estimator__max_depth=3, estimator__n_estimators=100, estimator__random_state=42, estimator__subsample=1.0; total time=32.0min
[CV] END estimator__colsample_bytree=1.0, estimator__gamma=0.5, estimator__learning_rate=0.1, estimator__max_depth=9, estimator__n_estimators=100, estimator__random_state=42, estimator__subsample=1.0; total time=51.9min
[CV] END estimator__colsample_bytree=0.6, estimator__gamma=0.5, estimator__learning_rate=0.1, estimator__max_depth=9, estimator__n_estimators=100, estimator__random_state=42, estimator__subsample=0.6; total time=44.4min
[CV] END estimator__colsample_bytree=1.0, estimator__gamma=0.5, estimator__learning_rate=0.01, estimator__max_depth=3, estimator__n_estimators=500, estimator__random_state=42, estimator__subsample=0.6; total time=109.3min
[CV] END estimator__colsample_bytree=1.0, estimator__gamma=0.5, estimator__learning_rate=0.01, estimator__max_depth=9, estimator__n_estimators=100, estimator__random_state=42, estimator__subsample=1.0; total time=96.9min
[CV] END estimator__colsample_bytree=0.6, estimator__gamma=0.5, estimator__learning_rate=0.1, estimator__max_depth=9, estimator__n_estimators=500, estimator__random_state=42, estimator__subsample=1.0; total time=98.3min
[CV] END estimator__colsample_bytree=1.0, estimator__gamma=2, estimator__learning_rate=0.01, estimator__max_depth=3, estimator__n_estimators=100, estimator__random_state=42, estimator__subsample=0.6; total time=24.2min
[CV] END estimator__colsample_bytree=1.0, estimator__gamma=2, estimator__learning_rate=0.1, estimator__max_depth=3, estimator__n_estimators=100, estimator__random_state=42, estimator__subsample=1.0; total time=28.8min
[CV] END estimator__colsample_bytree=0.6, estimator__gamma=0.5, estimator__learning_rate=0.1, estimator__max_depth=9, estimator__n_estimators=100, estimator__random_state=42, estimator__subsample=1.0; total time=46.9min
[CV] END estimator__colsample_bytree=1.0, estimator__gamma=0.5, estimator__learning_rate=0.01, estimator__max_depth=3, estimator__n_estimators=500, estimator__random_state=42, estimator__subsample=1.0; total time=112.1min
[CV] END estimator__colsample_bytree=0.6, estimator__gamma=0.5, estimator__learning_rate=0.1, estimator__max_depth=9, estimator__n_estimators=100, estimator__random_state=42, estimator__subsample=1.0; total time=47.6min
[CV] END estimator__colsample_bytree=1.0, estimator__gamma=0.5, estimator__learning_rate=0.01, estimator__max_depth=3, estimator__n_estimators=500, estimator__random_state=42, estimator__subsample=1.0; total time=112.6min
[CV] END estimator__colsample_bytree=0.6, estimator__gamma=0.5, estimator__learning_rate=0.01, estimator__max_depth=3, estimator__n_estimators=500, estimator__random_state=42, estimator__subsample=1.0; total time=121.7min
[CV] END estimator__colsample_bytree=1.0, estimator__gamma=2, estimator__learning_rate=0.1, estimator__max_depth=3, estimator__n_estimators=100, estimator__random_state=42, estimator__subsample=0.6; total time=39.2min
[CV] END estimator__colsample_bytree=0.6, estimator__gamma=0.5, estimator__learning_rate=0.01, estimator__max_depth=3, estimator__n_estimators=500, estimator__random_state=42, estimator__subsample=0.6; total time=122.2min
[CV] END estimator__colsample_bytree=1.0, estimator__gamma=2, estimator__learning_rate=0.1, estimator__max_depth=3, estimator__n_estimators=100, estimator__random_state=42, estimator__subsample=0.6; total time=40.3min
[CV] END estimator__colsample_bytree=1.0, estimator__gamma=0.5, estimator__learning_rate=0.1, estimator__max_depth=3, estimator__n_estimators=500, estimator__random_state=42, estimator__subsample=1.0; total time=96.4min
[CV] END estimator__colsample_bytree=0.6, estimator__gamma=2, estimator__learning_rate=0.01, estimator__max_depth=3, estimator__n_estimators=500, estimator__random_state=42, estimator__subsample=1.0; total time=124.0min
[CV] END estimator__colsample_bytree=1.0, estimator__gamma=2, estimator__learning_rate=0.1, estimator__max_depth=3, estimator__n_estimators=100, estimator__random_state=42, estimator__subsample=1.0; total time=40.3min
[CV] END estimator__colsample_bytree=0.6, estimator__gamma=2, estimator__learning_rate=0.01, estimator__max_depth=3, estimator__n_estimators=500, estimator__random_state=42, estimator__subsample=0.6; total time=121.8min
[CV] END estimator__colsample_bytree=1.0, estimator__gamma=2, estimator__learning_rate=0.1, estimator__max_depth=3, estimator__n_estimators=100, estimator__random_state=42, estimator__subsample=0.6; total time=42.8min
[CV] END estimator__colsample_bytree=0.6, estimator__gamma=0.5, estimator__learning_rate=0.01, estimator__max_depth=9, estimator__n_estimators=100, estimator__random_state=42, estimator__subsample=0.6; total time=54.9min
[CV] END estimator__colsample_bytree=1.0, estimator__gamma=0.5, estimator__learning_rate=0.1, estimator__max_depth=3, estimator__n_estimators=100, estimator__random_state=42, estimator__subsample=0.6; total time=37.4min
[CV] END estimator__colsample_bytree=1.0, estimator__gamma=0.5, estimator__learning_rate=0.1, estimator__max_depth=9, estimator__n_estimators=100, estimator__random_state=42, estimator__subsample=1.0; total time=77.5min
[CV] END estimator__colsample_bytree=0.6, estimator__gamma=0.5, estimator__learning_rate=0.1, estimator__max_depth=9, estimator__n_estimators=500, estimator__random_state=42, estimator__subsample=0.6; total time=107.3min
[CV] END estimator__colsample_bytree=1.0, estimator__gamma=2, estimator__learning_rate=0.01, estimator__max_depth=9, estimator__n_estimators=100, estimator__random_state=42, estimator__subsample=0.6; total time=63.6min
[CV] END estimator__colsample_bytree=0.6, estimator__gamma=0.5, estimator__learning_rate=0.01, estimator__max_depth=3, estimator__n_estimators=500, estimator__random_state=42, estimator__subsample=1.0; total time=123.9min
[CV] END estimator__colsample_bytree=1.0, estimator__gamma=2, estimator__learning_rate=0.1, estimator__max_depth=3, estimator__n_estimators=100, estimator__random_state=42, estimator__subsample=1.0; total time=42.6min
[CV] END estimator__colsample_bytree=1.0, estimator__gamma=2, estimator__learning_rate=0.01, estimator__max_depth=9, estimator__n_estimators=100, estimator__random_state=42, estimator__subsample=0.6; total time=61.3min
[CV] END estimator__colsample_bytree=0.6, estimator__gamma=0.5, estimator__learning_rate=0.1, estimator__max_depth=3, estimator__n_estimators=100, estimator__random_state=42, estimator__subsample=0.6; total time=27.6min
[CV] END estimator__colsample_bytree=1.0, estimator__gamma=0.5, estimator__learning_rate=0.01, estimator__max_depth=3, estimator__n_estimators=500, estimator__random_state=42, estimator__subsample=0.6; total time=148.7min
[CV] END estimator__colsample_bytree=0.6, estimator__gamma=0.5, estimator__learning_rate=0.1, estimator__max_depth=3, estimator__n_estimators=100, estimator__random_state=42, estimator__subsample=1.0; total time=28.6min
[CV] END estimator__colsample_bytree=1.0, estimator__gamma=0.5, estimator__learning_rate=0.01, estimator__max_depth=3, estimator__n_estimators=500, estimator__random_state=42, estimator__subsample=0.6; total time=148.4min
[CV] END estimator__colsample_bytree=1.0, estimator__gamma=0.5, estimator__learning_rate=0.1, estimator__max_depth=3, estimator__n_estimators=500, estimator__random_state=42, estimator__subsample=1.0; total time=97.9min
[CV] END estimator__colsample_bytree=0.6, estimator__gamma=0.5, estimator__learning_rate=0.01, estimator__max_depth=3, estimator__n_estimators=500, estimator__random_state=42, estimator__subsample=0.6; total time=104.1min
[CV] END estimator__colsample_bytree=1.0, estimator__gamma=2, estimator__learning_rate=0.01, estimator__max_depth=3, estimator__n_estimators=100, estimator__random_state=42, estimator__subsample=1.0; total time=23.9min
[CV] END estimator__colsample_bytree=1.0, estimator__gamma=2, estimator__learning_rate=0.1, estimator__max_depth=9, estimator__n_estimators=100, estimator__random_state=42, estimator__subsample=0.6; total time=54.7min
[CV] END estimator__colsample_bytree=0.6, estimator__gamma=0.5, estimator__learning_rate=0.1, estimator__max_depth=9, estimator__n_estimators=500, estimator__random_state=42, estimator__subsample=0.6; total time=130.3min
[CV] END estimator__colsample_bytree=1.0, estimator__gamma=2, estimator__learning_rate=0.1, estimator__max_depth=9, estimator__n_estimators=100, estimator__random_state=42, estimator__subsample=0.6; total time=55.6min
[CV] END estimator__colsample_bytree=1.0, estimator__gamma=2, estimator__learning_rate=0.01, estimator__max_depth=9, estimator__n_estimators=100, estimator__random_state=42, estimator__subsample=1.0; total time=72.2min
[CV] END estimator__colsample_bytree=1.0, estimator__gamma=2, estimator__learning_rate=0.1, estimator__max_depth=9, estimator__n_estimators=100, estimator__random_state=42, estimator__subsample=1.0; total time=55.4min
[CV] END estimator__colsample_bytree=1.0, estimator__gamma=2, estimator__learning_rate=0.01, estimator__max_depth=9, estimator__n_estimators=100, estimator__random_state=42, estimator__subsample=1.0; total time=73.1min
[CV] END estimator__colsample_bytree=0.6, estimator__gamma=0.5, estimator__learning_rate=0.01, estimator__max_depth=3, estimator__n_estimators=100, estimator__random_state=42, estimator__subsample=0.6; total time=22.4min
[CV] END estimator__colsample_bytree=0.6, estimator__gamma=2, estimator__learning_rate=0.1, estimator__max_depth=3, estimator__n_estimators=500, estimator__random_state=42, estimator__subsample=0.6; total time=107.5min
[CV] END estimator__colsample_bytree=1.0, estimator__gamma=2, estimator__learning_rate=0.1, estimator__max_depth=9, estimator__n_estimators=100, estimator__random_state=42, estimator__subsample=0.6; total time=105.4min
[CV] END estimator__colsample_bytree=0.6, estimator__gamma=0.5, estimator__learning_rate=0.1, estimator__max_depth=3, estimator__n_estimators=500, estimator__random_state=42, estimator__subsample=1.0; total time=108.2min
[CV] END estimator__colsample_bytree=1.0, estimator__gamma=2, estimator__learning_rate=0.01, estimator__max_depth=9, estimator__n_estimators=100, estimator__random_state=42, estimator__subsample=0.6; total time=128.8min
[CV] END estimator__colsample_bytree=1.0, estimator__gamma=0.5, estimator__learning_rate=0.1, estimator__max_depth=3, estimator__n_estimators=500, estimator__random_state=42, estimator__subsample=1.0; total time=170.6min
[CV] END estimator__colsample_bytree=0.6, estimator__gamma=0.5, estimator__learning_rate=0.01, estimator__max_depth=9, estimator__n_estimators=100, estimator__random_state=42, estimator__subsample=1.0; total time=60.9min
[CV] END estimator__colsample_bytree=1.0, estimator__gamma=0.5, estimator__learning_rate=0.1, estimator__max_depth=3, estimator__n_estimators=500, estimator__random_state=42, estimator__subsample=0.6; total time=181.5min
[CV] END estimator__colsample_bytree=0.6, estimator__gamma=0.5, estimator__learning_rate=0.1, estimator__max_depth=9, estimator__n_estimators=100, estimator__random_state=42, estimator__subsample=0.6; total time=49.7min
[CV] END estimator__colsample_bytree=1.0, estimator__gamma=0.5, estimator__learning_rate=0.01, estimator__max_depth=3, estimator__n_estimators=500, estimator__random_state=42, estimator__subsample=1.0; total time=195.9min
[CV] END estimator__colsample_bytree=0.6, estimator__gamma=0.5, estimator__learning_rate=0.1, estimator__max_depth=9, estimator__n_estimators=500, estimator__random_state=42, estimator__subsample=1.0; total time=96.2min
[CV] END estimator__colsample_bytree=1.0, estimator__gamma=0.5, estimator__learning_rate=0.1, estimator__max_depth=9, estimator__n_estimators=500, estimator__random_state=42, estimator__subsample=1.0; total time=149.6min
[CV] END estimator__colsample_bytree=0.6, estimator__gamma=2, estimator__learning_rate=0.01, estimator__max_depth=9, estimator__n_estimators=500, estimator__random_state=42, estimator__subsample=0.6; total time=243.4min
[CV] END estimator__colsample_bytree=0.6, estimator__gamma=2, estimator__learning_rate=0.01, estimator__max_depth=9, estimator__n_estimators=100, estimator__random_state=42, estimator__subsample=1.0; total time=60.6min
[CV] END estimator__colsample_bytree=1.0, estimator__gamma=0.5, estimator__learning_rate=0.1, estimator__max_depth=3, estimator__n_estimators=100, estimator__random_state=42, estimator__subsample=1.0; total time=38.1min
[CV] END estimator__colsample_bytree=1.0, estimator__gamma=2, estimator__learning_rate=0.01, estimator__max_depth=3, estimator__n_estimators=100, estimator__random_state=42, estimator__subsample=0.6; total time=33.2min
[CV] END estimator__colsample_bytree=1.0, estimator__gamma=2, estimator__learning_rate=0.1, estimator__max_depth=9, estimator__n_estimators=100, estimator__random_state=42, estimator__subsample=1.0; total time=113.8min
[CV] END estimator__colsample_bytree=0.6, estimator__gamma=0.5, estimator__learning_rate=0.1, estimator__max_depth=9, estimator__n_estimators=500, estimator__random_state=42, estimator__subsample=1.0; total time=94.9min
[CV] END estimator__colsample_bytree=1.0, estimator__gamma=0.5, estimator__learning_rate=0.1, estimator__max_depth=9, estimator__n_estimators=500, estimator__random_state=42, estimator__subsample=0.6; total time=158.7min
[CV] END estimator__colsample_bytree=0.6, estimator__gamma=0.5, estimator__learning_rate=0.01, estimator__max_depth=9, estimator__n_estimators=100, estimator__random_state=42, estimator__subsample=1.0; total time=62.6min
[CV] END estimator__colsample_bytree=1.0, estimator__gamma=0.5, estimator__learning_rate=0.1, estimator__max_depth=3, estimator__n_estimators=500, estimator__random_state=42, estimator__subsample=0.6; total time=186.5min
[CV] END estimator__colsample_bytree=1.0, estimator__gamma=2, estimator__learning_rate=0.1, estimator__max_depth=9, estimator__n_estimators=100, estimator__random_state=42, estimator__subsample=1.0; total time=114.2min
[CV] END estimator__colsample_bytree=0.6, estimator__gamma=0.5, estimator__learning_rate=0.1, estimator__max_depth=3, estimator__n_estimators=500, estimator__random_state=42, estimator__subsample=0.6; total time=96.3min
[CV] END estimator__colsample_bytree=1.0, estimator__gamma=0.5, estimator__learning_rate=0.1, estimator__max_depth=9, estimator__n_estimators=500, estimator__random_state=42, estimator__subsample=1.0; total time=161.5min
[CV] END estimator__colsample_bytree=1.0, estimator__gamma=2, estimator__learning_rate=0.01, estimator__max_depth=9, estimator__n_estimators=100, estimator__random_state=42, estimator__subsample=1.0; total time=139.8min
[CV] END estimator__colsample_bytree=1.0, estimator__gamma=0.5, estimator__learning_rate=0.1, estimator__max_depth=3, estimator__n_estimators=500, estimator__random_state=42, estimator__subsample=0.6; total time=190.2min
[CV] END estimator__colsample_bytree=0.6, estimator__gamma=0.5, estimator__learning_rate=0.01, estimator__max_depth=9, estimator__n_estimators=500, estimator__random_state=42, estimator__subsample=0.6; total time=256.4min
[CV] END estimator__colsample_bytree=0.6, estimator__gamma=0.5, estimator__learning_rate=0.01, estimator__max_depth=9, estimator__n_estimators=500, estimator__random_state=42, estimator__subsample=0.6; total time=257.2min
[CV] END estimator__colsample_bytree=0.6, estimator__gamma=2, estimator__learning_rate=0.01, estimator__max_depth=9, estimator__n_estimators=500, estimator__random_state=42, estimator__subsample=1.0; total time=257.3min
[CV] END estimator__colsample_bytree=1.0, estimator__gamma=2, estimator__learning_rate=0.01, estimator__max_depth=3, estimator__n_estimators=500, estimator__random_state=42, estimator__subsample=0.6; total time=151.9min
[CV] END estimator__colsample_bytree=0.6, estimator__gamma=2, estimator__learning_rate=0.01, estimator__max_depth=9, estimator__n_estimators=500, estimator__random_state=42, estimator__subsample=1.0; total time=257.9min
[CV] END estimator__colsample_bytree=0.6, estimator__gamma=0.5, estimator__learning_rate=0.1, estimator__max_depth=9, estimator__n_estimators=500, estimator__random_state=42, estimator__subsample=0.6; total time=105.1min
[CV] END estimator__colsample_bytree=1.0, estimator__gamma=2, estimator__learning_rate=0.01, estimator__max_depth=3, estimator__n_estimators=500, estimator__random_state=42, estimator__subsample=0.6; total time=153.7min
[CV] END estimator__colsample_bytree=1.0, estimator__gamma=0.5, estimator__learning_rate=0.1, estimator__max_depth=9, estimator__n_estimators=100, estimator__random_state=42, estimator__subsample=0.6; total time=49.6min
[CV] END estimator__colsample_bytree=1.0, estimator__gamma=2, estimator__learning_rate=0.1, estimator__max_depth=3, estimator__n_estimators=500, estimator__random_state=42, estimator__subsample=1.0; total time=131.9min
[CV] END estimator__colsample_bytree=0.6, estimator__gamma=0.5, estimator__learning_rate=0.01, estimator__max_depth=9, estimator__n_estimators=500, estimator__random_state=42, estimator__subsample=0.6; total time=263.3min
[CV] END estimator__colsample_bytree=0.6, estimator__gamma=0.5, estimator__learning_rate=0.01, estimator__max_depth=9, estimator__n_estimators=500, estimator__random_state=42, estimator__subsample=1.0; total time=270.8min
[CV] END estimator__colsample_bytree=0.6, estimator__gamma=0.5, estimator__learning_rate=0.01, estimator__max_depth=9, estimator__n_estimators=500, estimator__random_state=42, estimator__subsample=1.0; total time=271.6min
